19:39:35.504 [main] INFO  Academy.TestCasepack.Homepage - initlizing driver
19:39:39.426 [main] INFO  Academy.TestCasepack.Homepage - driver initilized successfully
19:39:39.426 [main] INFO  Academy.TestCasepack.Homepage - getting the url
19:39:47.937 [main] INFO  Academy.TestCasepack.Homepage - navigated to home page
19:39:50.809 [main] INFO  Academy.TestCasepack.Homepage - sending username and password for :vin@test.com
19:39:51.234 [main] INFO  Academy.TestCasepack.Homepage - scrolling
19:39:56.297 [main] INFO  Academy.TestCasepack.Homepage - closing the browser
19:39:56.304 [main] INFO  Academy.TestCasepack.Homepage - initlizing driver
19:39:58.452 [main] INFO  Academy.TestCasepack.Homepage - driver initilized successfully
19:39:58.452 [main] INFO  Academy.TestCasepack.Homepage - getting the url
19:40:04.653 [main] INFO  Academy.TestCasepack.Homepage - navigated to home page
19:40:07.289 [main] INFO  Academy.TestCasepack.Homepage - sending username and password for :qa@test.com
19:40:07.719 [main] INFO  Academy.TestCasepack.Homepage - scrolling
19:40:09.761 [main] INFO  Academy.TestCasepack.Homepage - closing the browser
19:52:20.863 [main] INFO  Academy.TestCasepack.Homepage - initlizing driver
19:52:26.787 [main] INFO  Academy.TestCasepack.Homepage - driver initilized successfully
19:52:26.787 [main] INFO  Academy.TestCasepack.Homepage - getting the url
19:52:33.779 [main] INFO  Academy.TestCasepack.Homepage - navigated to home page
19:52:38.464 [main] INFO  Academy.TestCasepack.Homepage - sending username and password for :vin@test.com
19:52:38.896 [main] INFO  Academy.TestCasepack.Homepage - scrolling
19:52:41.862 [main] INFO  Academy.TestCasepack.Homepage - closing the browser
19:52:41.874 [main] INFO  Academy.TestCasepack.Homepage - initlizing driver
19:52:46.406 [main] INFO  Academy.TestCasepack.Homepage - driver initilized successfully
19:52:46.407 [main] INFO  Academy.TestCasepack.Homepage - getting the url
19:52:52.033 [main] INFO  Academy.TestCasepack.Homepage - navigated to home page
