18:34:08.081 [main] INFO  PageObjects.LoginPagePF - got the url
18:34:08.087 [main] INFO  PageObjects.LoginPagePF - navigated to home page
18:34:19.104 [main] INFO  PageObjects.LoginPagePF - got the url
18:34:19.104 [main] INFO  PageObjects.LoginPagePF - navigated to home page
18:36:06.621 [main] INFO  PageObjects.LoginPagePF - got the url
18:36:06.626 [main] INFO  PageObjects.LoginPagePF - navigated to home page
18:36:09.676 [main] INFO  PageObjects.LoginPagePF - clicking on login page
18:36:09.678 [main] INFO  PageObjects.AccountCredPF - sending username and password for :qa@test.com
18:36:10.067 [main] INFO  PageObjects.AccountCredPF - scrolling
18:36:11.298 [main] INFO  PageObjects.AccountCredPF - closing the browser
18:36:21.164 [main] INFO  PageObjects.LoginPagePF - got the url
18:36:21.165 [main] INFO  PageObjects.LoginPagePF - navigated to home page
18:42:29.423 [main] INFO  PageObjects.LoginPagePF - got the url
18:42:29.426 [main] INFO  PageObjects.LoginPagePF - navigated to home page
18:42:52.397 [main] INFO  PageObjects.LoginPagePF - clicking on login page
18:42:52.450 [main] INFO  PageObjects.AccountCredPF - sending username and password for :qa@test.com
18:42:52.650 [main] INFO  PageObjects.AccountCredPF - scrolling
18:43:03.971 [main] INFO  PageObjects.AccountCredPF - closing the browser
18:43:15.200 [main] INFO  PageObjects.LoginPagePF - got the url
18:43:15.201 [main] INFO  PageObjects.LoginPagePF - navigated to home page
18:56:02.478 [main] INFO  PageObjects.LoginPagePF - got the url
18:56:02.483 [main] INFO  PageObjects.LoginPagePF - navigated to home page
18:56:08.223 [main] INFO  PageObjects.LoginPagePF - clicking on login page
18:56:08.267 [main] INFO  PageObjects.AccountCredPF - sending username and password for :qa@test.com
18:56:09.426 [main] INFO  PageObjects.AccountCredPF - scrolling
18:56:15.029 [main] INFO  PageObjects.AccountCredPF - closing the browser
18:56:37.369 [main] INFO  PageObjects.LoginPagePF - got the url
18:56:37.369 [main] INFO  PageObjects.LoginPagePF - navigated to home page
