01:15:47.576 [main] INFO  Academy.TestCasepack.Homepage - scolling
11:59:54.682 [main] INFO  Academy.TestCasepack.Homepage - scolling
12:00:08.122 [main] INFO  Academy.TestCasepack.Homepage - scolling
12:02:24.990 [main] INFO  Academy.TestCasepack.Homepage - scrolling
12:02:27.031 [main] INFO  Academy.TestCasepack.Homepage - closing the browser
12:02:36.638 [main] INFO  Academy.TestCasepack.Homepage - scrolling
12:02:39.206 [main] INFO  Academy.TestCasepack.Homepage - closing the browser
12:06:50.287 [main] INFO  Academy.TestCasepack.Homepage - initlizing driver
12:06:55.510 [main] INFO  Academy.TestCasepack.Homepage - driver initilized successfully
12:06:55.510 [main] INFO  Academy.TestCasepack.Homepage - getting the url
12:07:00.799 [main] INFO  Academy.TestCasepack.Homepage - navigated to home page
12:07:03.068 [main] INFO  Academy.TestCasepack.Homepage - sending username and passwor
12:07:03.483 [main] INFO  Academy.TestCasepack.Homepage - scrolling
12:07:04.910 [main] INFO  Academy.TestCasepack.Homepage - closing the browser
12:07:04.919 [main] INFO  Academy.TestCasepack.Homepage - initlizing driver
12:07:07.145 [main] INFO  Academy.TestCasepack.Homepage - driver initilized successfully
12:07:07.145 [main] INFO  Academy.TestCasepack.Homepage - getting the url
12:07:11.834 [main] INFO  Academy.TestCasepack.Homepage - navigated to home page
12:07:14.368 [main] INFO  Academy.TestCasepack.Homepage - sending username and passwor
12:07:14.794 [main] INFO  Academy.TestCasepack.Homepage - scrolling
12:07:16.154 [main] INFO  Academy.TestCasepack.Homepage - closing the browser
12:08:33.574 [main] INFO  Academy.TestCasepack.Homepage - initlizing driver
12:08:36.893 [main] INFO  Academy.TestCasepack.Homepage - driver initilized successfully
12:08:36.893 [main] INFO  Academy.TestCasepack.Homepage - getting the url
12:08:42.980 [main] INFO  Academy.TestCasepack.Homepage - navigated to home page
12:08:45.836 [main] INFO  Academy.TestCasepack.Homepage - sending username and password for :vin@test.com
