18:07:18.909 [main] INFO  PageObjects.LoginPagePF - clicking on login page
18:07:18.988 [main] INFO  PageObjects.AccountCredPF - sending username and password for :qa@test.com
18:07:19.244 [main] INFO  PageObjects.AccountCredPF - scrolling
18:07:21.323 [main] INFO  PageObjects.AccountCredPF - closing the browser
18:07:30.323 [main] INFO  PageObjects.LoginPagePF - got the url
18:07:30.323 [main] INFO  PageObjects.LoginPagePF - navigated to home page
18:09:30.015 [main] INFO  PageObjects.LoginPagePF - got the url
18:09:30.021 [main] INFO  PageObjects.LoginPagePF - navigated to home page
18:09:32.625 [main] INFO  PageObjects.LoginPagePF - clicking on login page
18:09:32.636 [main] INFO  PageObjects.AccountCredPF - sending username and password for :qa@test.com
18:09:33.168 [main] INFO  PageObjects.AccountCredPF - scrolling
18:09:35.886 [main] INFO  PageObjects.AccountCredPF - closing the browser
18:09:48.142 [main] INFO  PageObjects.LoginPagePF - got the url
18:09:48.142 [main] INFO  PageObjects.LoginPagePF - navigated to home page
18:09:51.490 [main] INFO  PageObjects.LoginPagePF - clicking on login page
18:09:51.493 [main] INFO  PageObjects.AccountCredPF - sending username and password for :vin@test.com
18:09:52.031 [main] INFO  PageObjects.AccountCredPF - scrolling
18:09:56.469 [main] INFO  PageObjects.AccountCredPF - closing the browser
18:11:23.311 [main] INFO  PageObjects.LoginPagePF - got the url
18:11:23.318 [main] INFO  PageObjects.LoginPagePF - navigated to home page
18:11:28.448 [main] INFO  PageObjects.LoginPagePF - clicking on login page
18:11:28.481 [main] INFO  PageObjects.AccountCredPF - sending username and password for :qa@test.com
18:11:28.817 [main] INFO  PageObjects.AccountCredPF - scrolling
18:11:30.352 [main] INFO  PageObjects.AccountCredPF - closing the browser
18:11:40.372 [main] INFO  PageObjects.LoginPagePF - got the url
18:11:40.372 [main] INFO  PageObjects.LoginPagePF - navigated to home page
18:11:54.910 [main] INFO  PageObjects.LoginPagePF - got the url
18:11:54.910 [main] INFO  PageObjects.LoginPagePF - navigated to home page
