18:13:04.714 [main] INFO  PageObjects.LoginPagePF - got the url
18:13:04.845 [main] INFO  PageObjects.LoginPagePF - navigated to home page
18:13:09.223 [main] INFO  PageObjects.LoginPagePF - clicking on login page
18:13:09.338 [main] INFO  PageObjects.AccountCredPF - sending username and password for :qa@test.com
18:13:09.800 [main] INFO  PageObjects.AccountCredPF - scrolling
18:13:13.778 [main] INFO  PageObjects.AccountCredPF - closing the browser
18:13:26.454 [main] INFO  PageObjects.LoginPagePF - got the url
18:13:26.455 [main] INFO  PageObjects.LoginPagePF - navigated to home page
18:18:17.379 [main] INFO  PageObjects.LoginPagePF - got the url
18:18:17.384 [main] INFO  PageObjects.LoginPagePF - navigated to home page
18:18:20.509 [main] INFO  PageObjects.LoginPagePF - clicking on login page
18:18:20.533 [main] INFO  PageObjects.AccountCredPF - sending username and password for :qa@test.com
18:18:20.968 [main] INFO  PageObjects.AccountCredPF - scrolling
18:18:22.377 [main] INFO  PageObjects.AccountCredPF - closing the browser
18:18:32.317 [main] INFO  PageObjects.LoginPagePF - got the url
18:18:32.317 [main] INFO  PageObjects.LoginPagePF - navigated to home page
18:25:47.149 [main] INFO  PageObjects.LoginPagePF - got the url
18:25:47.154 [main] INFO  PageObjects.LoginPagePF - navigated to home page
18:25:50.086 [main] INFO  PageObjects.LoginPagePF - clicking on login page
18:25:50.193 [main] INFO  PageObjects.AccountCredPF - sending username and password for :qa@test.com
18:25:50.551 [main] INFO  PageObjects.AccountCredPF - scrolling
18:25:53.524 [main] INFO  PageObjects.AccountCredPF - closing the browser
18:26:04.930 [main] INFO  PageObjects.LoginPagePF - got the url
18:26:04.931 [main] INFO  PageObjects.LoginPagePF - navigated to home page
18:27:08.058 [main] INFO  PageObjects.LoginPagePF - got the url
18:27:08.062 [main] INFO  PageObjects.LoginPagePF - navigated to home page
18:27:10.427 [main] INFO  PageObjects.LoginPagePF - clicking on login page
18:27:10.451 [main] INFO  PageObjects.AccountCredPF - sending username and password for :qa@test.com
