21:01:31.871 [main] INFO  PageObjects.LoginPagePF - got the url
21:01:33.701 [main] INFO  PageObjects.LoginPagePF - navigated to home page
21:01:40.861 [main] INFO  PageObjects.LoginPagePF - clicking on login page
21:02:25.765 [main] INFO  PageObjects.AccountCredPF - sending username and password for :qa@test.com
21:02:27.232 [main] INFO  PageObjects.AccountCredPF - scrolling
21:02:28.781 [main] INFO  PageObjects.AccountCredPF - closing the browser
21:03:23.482 [main] INFO  PageObjects.LoginPagePF - got the url
21:03:24.181 [main] INFO  PageObjects.LoginPagePF - navigated to home page
21:03:34.541 [main] INFO  PageObjects.LoginPagePF - clicking on login page
21:03:57.724 [main] INFO  PageObjects.AccountCredPF - sending username and password for :vin@test.com
21:03:58.973 [main] INFO  PageObjects.AccountCredPF - scrolling
21:04:02.659 [main] INFO  PageObjects.AccountCredPF - closing the browser
21:05:48.428 [main] INFO  PageObjects.LoginPagePF - got the url
21:05:48.431 [main] INFO  PageObjects.LoginPagePF - navigated to home page
21:05:58.790 [main] INFO  PageObjects.LoginPagePF - clicking on login page
21:05:58.797 [main] INFO  PageObjects.AccountCredPF - sending username and password for :qa@test.com
21:05:59.245 [main] INFO  PageObjects.AccountCredPF - scrolling
21:06:00.487 [main] INFO  PageObjects.AccountCredPF - closing the browser
21:06:10.510 [main] INFO  PageObjects.LoginPagePF - got the url
21:06:10.510 [main] INFO  PageObjects.LoginPagePF - navigated to home page
21:18:52.769 [main] INFO  PageObjects.LoginPagePF - got the url
21:18:52.771 [main] INFO  PageObjects.LoginPagePF - navigated to home page
21:18:54.943 [main] INFO  PageObjects.LoginPagePF - clicking on login page
21:18:54.948 [main] INFO  PageObjects.AccountCredPF - sending username and password for :qa@test.com
21:18:55.112 [main] INFO  PageObjects.AccountCredPF - scrolling
21:18:56.233 [main] INFO  PageObjects.AccountCredPF - closing the browser
21:19:04.170 [main] INFO  PageObjects.LoginPagePF - got the url
21:19:04.170 [main] INFO  PageObjects.LoginPagePF - navigated to home page
