21:23:05.842 [main] INFO  PageObjects.AccountCredPF - sending username and password for :vin@test1.com
21:23:05.919 [main] INFO  PageObjects.AccountCredPF - scrolling
21:23:08.177 [main] INFO  PageObjects.AccountCredPF - closing the browser
21:50:03.233 [main] INFO  Academy.TestCasepack.Homepage - initlizing driver
21:50:08.255 [main] INFO  Academy.TestCasepack.Homepage - driver initilized successfully
21:50:14.422 [main] INFO  PageObjects.LoginPagePF - got the url
21:50:14.423 [main] INFO  PageObjects.LoginPagePF - navigated to home page
21:50:16.833 [main] INFO  PageObjects.LoginPagePF - clicking on login page
21:50:16.836 [main] INFO  PageObjects.AccountCredPF - sending username and password for :vin@test.com
21:50:16.924 [main] INFO  PageObjects.AccountCredPF - scrolling
21:50:18.723 [main] INFO  PageObjects.AccountCredPF - closing the browser
21:50:20.600 [main] INFO  PageObjects.LoginPagePF - got the url
21:50:20.601 [main] INFO  PageObjects.LoginPagePF - navigated to home page
21:50:31.625 [main] INFO  Academy.TestCasepack.Homepage - closed the browser
21:51:46.709 [main] INFO  Academy.TestCasepack.Homepage - initlizing driver
21:51:51.327 [main] INFO  Academy.TestCasepack.Homepage - driver initilized successfully
21:51:56.926 [main] INFO  PageObjects.LoginPagePF - got the url
21:51:56.926 [main] INFO  PageObjects.LoginPagePF - navigated to home page
21:51:59.035 [main] INFO  PageObjects.LoginPagePF - clicking on login page
21:51:59.037 [main] INFO  PageObjects.AccountCredPF - sending username and password for :vin@test.com
21:51:59.118 [main] INFO  PageObjects.AccountCredPF - scrolling
21:52:00.809 [main] INFO  PageObjects.AccountCredPF - closing the browser
21:52:02.396 [main] INFO  PageObjects.LoginPagePF - got the url
21:52:02.396 [main] INFO  PageObjects.LoginPagePF - navigated to home page
21:52:13.198 [main] INFO  Academy.TestCasepack.Homepage - closed the browser
21:52:52.169 [main] INFO  Academy.TestCasepack.Homepage - initlizing driver
21:52:57.295 [main] INFO  Academy.TestCasepack.Homepage - driver initilized successfully
